  ConsoleApplication2.cpp
C:\Users\22112\source\repos\ConsoleApplication2\include\unicorn\platform.h(210,5): error C4996: '_ftime64': This function or variable may be unsafe. Consider using _ftime64_s instead. To disable deprecation, use _CRT_SECURE_NO_WARNINGS. See online help for details.
C:\Users\22112\source\repos\ConsoleApplication2\ConsoleApplication2\ConsoleApplication2.cpp(12,25): error C2440: “初始化”: 无法从“const char [26]”转换为“char *”
C:\Users\22112\source\repos\ConsoleApplication2\ConsoleApplication2\ConsoleApplication2.cpp(12,25): message : 从字符串文本转换将丢失 const 限定符(请参阅 /Zc:strictStrings)
C:\Users\22112\source\repos\ConsoleApplication2\ConsoleApplication2\ConsoleApplication2.cpp(13,28): error C2440: “初始化”: 无法从“const char [26]”转换为“char *”
C:\Users\22112\source\repos\ConsoleApplication2\ConsoleApplication2\ConsoleApplication2.cpp(13,28): message : 从字符串文本转换将丢失 const 限定符(请参阅 /Zc:strictStrings)
C:\Users\22112\source\repos\ConsoleApplication2\ConsoleApplication2\ConsoleApplication2.cpp(14,25): error C2440: “初始化”: 无法从“const char [26]”转换为“char *”
C:\Users\22112\source\repos\ConsoleApplication2\ConsoleApplication2\ConsoleApplication2.cpp(14,25): message : 从字符串文本转换将丢失 const 限定符(请参阅 /Zc:strictStrings)
C:\Users\22112\source\repos\ConsoleApplication2\ConsoleApplication2\ConsoleApplication2.cpp(15,28): error C2440: “初始化”: 无法从“const char [26]”转换为“char *”
C:\Users\22112\source\repos\ConsoleApplication2\ConsoleApplication2\ConsoleApplication2.cpp(15,28): message : 从字符串文本转换将丢失 const 限定符(请参阅 /Zc:strictStrings)
C:\Users\22112\source\repos\ConsoleApplication2\ConsoleApplication2\ConsoleApplication2.cpp(44,10): warning C4477: “printf”: 格式字符串“%p”需要类型“void *”的参数，但可变参数 1 拥有了类型“DWORD”
C:\Users\22112\source\repos\ConsoleApplication2\ConsoleApplication2\ConsoleApplication2.cpp(44,10): warning C4313: “printf”: 格式字符串中的“%p”与“DWORD”类型的参数 1 冲突
C:\Users\22112\source\repos\ConsoleApplication2\ConsoleApplication2\ConsoleApplication2.cpp(77,9): warning C4477: “printf”: 格式字符串“%p”需要类型“void *”的参数，但可变参数 1 拥有了类型“DWORD”
C:\Users\22112\source\repos\ConsoleApplication2\ConsoleApplication2\ConsoleApplication2.cpp(77,9): warning C4313: “printf”: 格式字符串中的“%p”与“DWORD”类型的参数 1 冲突
C:\Users\22112\source\repos\ConsoleApplication2\ConsoleApplication2\ConsoleApplication2.cpp(78,9): warning C4477: “printf”: 格式字符串“%p”需要类型“void *”的参数，但可变参数 1 拥有了类型“DWORD”
C:\Users\22112\source\repos\ConsoleApplication2\ConsoleApplication2\ConsoleApplication2.cpp(78,9): warning C4313: “printf”: 格式字符串中的“%p”与“DWORD”类型的参数 1 冲突
C:\Users\22112\source\repos\ConsoleApplication2\ConsoleApplication2\ConsoleApplication2.cpp(79,9): warning C4477: “printf”: 格式字符串“%p”需要类型“void *”的参数，但可变参数 1 拥有了类型“DWORD”
C:\Users\22112\source\repos\ConsoleApplication2\ConsoleApplication2\ConsoleApplication2.cpp(79,9): warning C4313: “printf”: 格式字符串中的“%p”与“DWORD”类型的参数 1 冲突
C:\Users\22112\source\repos\ConsoleApplication2\ConsoleApplication2\ConsoleApplication2.cpp(80,9): warning C4477: “printf”: 格式字符串“%p”需要类型“void *”的参数，但可变参数 1 拥有了类型“DWORD”
C:\Users\22112\source\repos\ConsoleApplication2\ConsoleApplication2\ConsoleApplication2.cpp(80,9): warning C4313: “printf”: 格式字符串中的“%p”与“DWORD”类型的参数 1 冲突
C:\Users\22112\source\repos\ConsoleApplication2\ConsoleApplication2\ConsoleApplication2.cpp(81,9): warning C4477: “printf”: 格式字符串“%p”需要类型“void *”的参数，但可变参数 1 拥有了类型“DWORD”
C:\Users\22112\source\repos\ConsoleApplication2\ConsoleApplication2\ConsoleApplication2.cpp(81,9): warning C4313: “printf”: 格式字符串中的“%p”与“DWORD”类型的参数 1 冲突
C:\Users\22112\source\repos\ConsoleApplication2\ConsoleApplication2\ConsoleApplication2.cpp(82,9): warning C4477: “printf”: 格式字符串“%p”需要类型“void *”的参数，但可变参数 1 拥有了类型“DWORD”
C:\Users\22112\source\repos\ConsoleApplication2\ConsoleApplication2\ConsoleApplication2.cpp(82,9): warning C4313: “printf”: 格式字符串中的“%p”与“DWORD”类型的参数 1 冲突
C:\Users\22112\source\repos\ConsoleApplication2\ConsoleApplication2\ConsoleApplication2.cpp(83,9): warning C4477: “printf”: 格式字符串“%p”需要类型“void *”的参数，但可变参数 1 拥有了类型“DWORD”
C:\Users\22112\source\repos\ConsoleApplication2\ConsoleApplication2\ConsoleApplication2.cpp(83,9): warning C4313: “printf”: 格式字符串中的“%p”与“DWORD”类型的参数 1 冲突
C:\Users\22112\source\repos\ConsoleApplication2\ConsoleApplication2\ConsoleApplication2.cpp(84,9): warning C4477: “printf”: 格式字符串“%p”需要类型“void *”的参数，但可变参数 1 拥有了类型“DWORD”
C:\Users\22112\source\repos\ConsoleApplication2\ConsoleApplication2\ConsoleApplication2.cpp(84,9): warning C4313: “printf”: 格式字符串中的“%p”与“DWORD”类型的参数 1 冲突
C:\Users\22112\source\repos\ConsoleApplication2\ConsoleApplication2\ConsoleApplication2.cpp(85,9): warning C4477: “printf”: 格式字符串“%p”需要类型“void *”的参数，但可变参数 1 拥有了类型“DWORD”
C:\Users\22112\source\repos\ConsoleApplication2\ConsoleApplication2\ConsoleApplication2.cpp(85,9): warning C4313: “printf”: 格式字符串中的“%p”与“DWORD”类型的参数 1 冲突
C:\Users\22112\source\repos\ConsoleApplication2\ConsoleApplication2\ConsoleApplication2.cpp(86,9): warning C4477: “printf”: 格式字符串“%p”需要类型“void *”的参数，但可变参数 1 拥有了类型“DWORD”
C:\Users\22112\source\repos\ConsoleApplication2\ConsoleApplication2\ConsoleApplication2.cpp(86,9): warning C4313: “printf”: 格式字符串中的“%p”与“DWORD”类型的参数 1 冲突
C:\Users\22112\source\repos\ConsoleApplication2\ConsoleApplication2\ConsoleApplication2.cpp(121,14): error C4996: 'fopen': This function or variable may be unsafe. Consider using fopen_s instead. To disable deprecation, use _CRT_SECURE_NO_WARNINGS. See online help for details.
  gdt.cpp
C:\Users\22112\source\repos\ConsoleApplication2\include\unicorn\platform.h(210,5): error C4996: '_ftime64': This function or variable may be unsafe. Consider using _ftime64_s instead. To disable deprecation, use _CRT_SECURE_NO_WARNINGS. See online help for details.
C:\Users\22112\source\repos\ConsoleApplication2\ConsoleApplication2\gdt.cpp(110,10): warning C4101: “buf”: 未引用的局部变量
C:\Users\22112\source\repos\ConsoleApplication2\ConsoleApplication2\gdt.cpp(108,17): warning C4101: “hook2”: 未引用的局部变量
C:\Users\22112\source\repos\ConsoleApplication2\ConsoleApplication2\gdt.cpp(112,6): warning C4101: “i”: 未引用的局部变量
C:\Users\22112\source\repos\ConsoleApplication2\ConsoleApplication2\gdt.cpp(108,10): warning C4101: “hook1”: 未引用的局部变量
  taint.cpp
C:\Users\22112\source\repos\ConsoleApplication2\include\unicorn\platform.h(210,5): error C4996: '_ftime64': This function or variable may be unsafe. Consider using _ftime64_s instead. To disable deprecation, use _CRT_SECURE_NO_WARNINGS. See online help for details.
C:\Users\22112\source\repos\ConsoleApplication2\ConsoleApplication2\taint.cpp(10,3): warning C4838: 从“int”转换到“DWORD”需要收缩转换
C:\Users\22112\source\repos\ConsoleApplication2\ConsoleApplication2\taint.cpp(11,3): warning C4838: 从“int”转换到“DWORD”需要收缩转换
C:\Users\22112\source\repos\ConsoleApplication2\ConsoleApplication2\taint.cpp(11,6): warning C4838: 从“int”转换到“DWORD”需要收缩转换
C:\Users\22112\source\repos\ConsoleApplication2\ConsoleApplication2\taint.cpp(11,9): warning C4838: 从“int”转换到“DWORD”需要收缩转换
C:\Users\22112\source\repos\ConsoleApplication2\ConsoleApplication2\taint.cpp(11,12): warning C4838: 从“int”转换到“DWORD”需要收缩转换
C:\Users\22112\source\repos\ConsoleApplication2\ConsoleApplication2\taint.cpp(11,15): warning C4838: 从“int”转换到“DWORD”需要收缩转换
C:\Users\22112\source\repos\ConsoleApplication2\ConsoleApplication2\taint.cpp(12,3): warning C4838: 从“int”转换到“DWORD”需要收缩转换
C:\Users\22112\source\repos\ConsoleApplication2\ConsoleApplication2\taint.cpp(12,6): warning C4838: 从“int”转换到“DWORD”需要收缩转换
C:\Users\22112\source\repos\ConsoleApplication2\ConsoleApplication2\taint.cpp(12,9): warning C4838: 从“int”转换到“DWORD”需要收缩转换
C:\Users\22112\source\repos\ConsoleApplication2\ConsoleApplication2\taint.cpp(12,12): warning C4838: 从“int”转换到“DWORD”需要收缩转换
C:\Users\22112\source\repos\ConsoleApplication2\ConsoleApplication2\taint.cpp(12,15): warning C4838: 从“int”转换到“DWORD”需要收缩转换
C:\Users\22112\source\repos\ConsoleApplication2\ConsoleApplication2\taint.cpp(13,3): warning C4838: 从“int”转换到“DWORD”需要收缩转换
C:\Users\22112\source\repos\ConsoleApplication2\ConsoleApplication2\taint.cpp(13,6): warning C4838: 从“int”转换到“DWORD”需要收缩转换
C:\Users\22112\source\repos\ConsoleApplication2\ConsoleApplication2\taint.cpp(13,9): warning C4838: 从“int”转换到“DWORD”需要收缩转换
C:\Users\22112\source\repos\ConsoleApplication2\ConsoleApplication2\taint.cpp(13,12): warning C4838: 从“int”转换到“DWORD”需要收缩转换
C:\Users\22112\source\repos\ConsoleApplication2\ConsoleApplication2\taint.cpp(13,15): warning C4838: 从“int”转换到“DWORD”需要收缩转换
C:\Users\22112\source\repos\ConsoleApplication2\ConsoleApplication2\taint.cpp(14,3): warning C4838: 从“int”转换到“DWORD”需要收缩转换
C:\Users\22112\source\repos\ConsoleApplication2\ConsoleApplication2\taint.cpp(14,6): warning C4838: 从“int”转换到“DWORD”需要收缩转换
C:\Users\22112\source\repos\ConsoleApplication2\ConsoleApplication2\taint.cpp(14,9): warning C4838: 从“int”转换到“DWORD”需要收缩转换
C:\Users\22112\source\repos\ConsoleApplication2\ConsoleApplication2\taint.cpp(16,5): warning C4838: 从“int”转换到“DWORD”需要收缩转换
C:\Users\22112\source\repos\ConsoleApplication2\ConsoleApplication2\taint.cpp(16,8): warning C4838: 从“int”转换到“DWORD”需要收缩转换
C:\Users\22112\source\repos\ConsoleApplication2\ConsoleApplication2\taint.cpp(17,3): warning C4838: 从“int”转换到“DWORD”需要收缩转换
C:\Users\22112\source\repos\ConsoleApplication2\ConsoleApplication2\taint.cpp(17,6): warning C4838: 从“int”转换到“DWORD”需要收缩转换
C:\Users\22112\source\repos\ConsoleApplication2\ConsoleApplication2\taint.cpp(17,9): warning C4838: 从“int”转换到“DWORD”需要收缩转换
C:\Users\22112\source\repos\ConsoleApplication2\ConsoleApplication2\taint.cpp(17,12): warning C4838: 从“int”转换到“DWORD”需要收缩转换
C:\Users\22112\source\repos\ConsoleApplication2\ConsoleApplication2\taint.cpp(17,15): warning C4838: 从“int”转换到“DWORD”需要收缩转换
C:\Users\22112\source\repos\ConsoleApplication2\ConsoleApplication2\taint.cpp(18,3): warning C4838: 从“int”转换到“DWORD”需要收缩转换
C:\Users\22112\source\repos\ConsoleApplication2\ConsoleApplication2\taint.cpp(18,6): warning C4838: 从“int”转换到“DWORD”需要收缩转换
C:\Users\22112\source\repos\ConsoleApplication2\ConsoleApplication2\taint.cpp(18,9): warning C4838: 从“int”转换到“DWORD”需要收缩转换
C:\Users\22112\source\repos\ConsoleApplication2\ConsoleApplication2\taint.cpp(18,12): warning C4838: 从“int”转换到“DWORD”需要收缩转换
C:\Users\22112\source\repos\ConsoleApplication2\ConsoleApplication2\taint.cpp(18,15): warning C4838: 从“int”转换到“DWORD”需要收缩转换
C:\Users\22112\source\repos\ConsoleApplication2\ConsoleApplication2\taint.cpp(19,3): warning C4838: 从“int”转换到“DWORD”需要收缩转换
C:\Users\22112\source\repos\ConsoleApplication2\ConsoleApplication2\taint.cpp(19,6): warning C4838: 从“int”转换到“DWORD”需要收缩转换
C:\Users\22112\source\repos\ConsoleApplication2\ConsoleApplication2\taint.cpp(19,9): warning C4838: 从“int”转换到“DWORD”需要收缩转换
C:\Users\22112\source\repos\ConsoleApplication2\ConsoleApplication2\taint.cpp(19,12): warning C4838: 从“int”转换到“DWORD”需要收缩转换
C:\Users\22112\source\repos\ConsoleApplication2\ConsoleApplication2\taint.cpp(19,15): warning C4838: 从“int”转换到“DWORD”需要收缩转换
C:\Users\22112\source\repos\ConsoleApplication2\ConsoleApplication2\taint.cpp(20,3): warning C4838: 从“int”转换到“DWORD”需要收缩转换
C:\Users\22112\source\repos\ConsoleApplication2\ConsoleApplication2\taint.cpp(20,6): warning C4838: 从“int”转换到“DWORD”需要收缩转换
C:\Users\22112\source\repos\ConsoleApplication2\ConsoleApplication2\taint.cpp(20,9): warning C4838: 从“int”转换到“DWORD”需要收缩转换
C:\Users\22112\source\repos\ConsoleApplication2\ConsoleApplication2\taint.cpp(20,12): warning C4838: 从“int”转换到“DWORD”需要收缩转换
C:\Users\22112\source\repos\ConsoleApplication2\ConsoleApplication2\taint.cpp(20,15): warning C4838: 从“int”转换到“DWORD”需要收缩转换
C:\Users\22112\source\repos\ConsoleApplication2\ConsoleApplication2\taint.cpp(21,3): warning C4838: 从“int”转换到“DWORD”需要收缩转换
C:\Users\22112\source\repos\ConsoleApplication2\ConsoleApplication2\taint.cpp(21,6): warning C4838: 从“int”转换到“DWORD”需要收缩转换
C:\Users\22112\source\repos\ConsoleApplication2\ConsoleApplication2\taint.cpp(21,9): warning C4838: 从“int”转换到“DWORD”需要收缩转换
C:\Users\22112\source\repos\ConsoleApplication2\ConsoleApplication2\taint.cpp(21,12): warning C4838: 从“int”转换到“DWORD”需要收缩转换
C:\Users\22112\source\repos\ConsoleApplication2\ConsoleApplication2\taint.cpp(21,15): warning C4838: 从“int”转换到“DWORD”需要收缩转换
C:\Users\22112\source\repos\ConsoleApplication2\ConsoleApplication2\taint.cpp(22,3): warning C4838: 从“int”转换到“DWORD”需要收缩转换
C:\Users\22112\source\repos\ConsoleApplication2\ConsoleApplication2\taint.cpp(22,6): warning C4838: 从“int”转换到“DWORD”需要收缩转换
C:\Users\22112\source\repos\ConsoleApplication2\ConsoleApplication2\taint.cpp(22,9): warning C4838: 从“int”转换到“DWORD”需要收缩转换
C:\Users\22112\source\repos\ConsoleApplication2\ConsoleApplication2\taint.cpp(22,12): warning C4838: 从“int”转换到“DWORD”需要收缩转换
C:\Users\22112\source\repos\ConsoleApplication2\ConsoleApplication2\taint.cpp(22,15): warning C4838: 从“int”转换到“DWORD”需要收缩转换
C:\Users\22112\source\repos\ConsoleApplication2\ConsoleApplication2\taint.cpp(23,3): warning C4838: 从“int”转换到“DWORD”需要收缩转换
C:\Users\22112\source\repos\ConsoleApplication2\ConsoleApplication2\taint.cpp(23,6): warning C4838: 从“int”转换到“DWORD”需要收缩转换
C:\Users\22112\source\repos\ConsoleApplication2\ConsoleApplication2\taint.cpp(23,9): warning C4838: 从“int”转换到“DWORD”需要收缩转换
C:\Users\22112\source\repos\ConsoleApplication2\ConsoleApplication2\taint.cpp(23,12): warning C4838: 从“int”转换到“DWORD”需要收缩转换
C:\Users\22112\source\repos\ConsoleApplication2\ConsoleApplication2\taint.cpp(23,15): warning C4838: 从“int”转换到“DWORD”需要收缩转换
C:\Users\22112\source\repos\ConsoleApplication2\ConsoleApplication2\taint.cpp(24,3): warning C4838: 从“int”转换到“DWORD”需要收缩转换
C:\Users\22112\source\repos\ConsoleApplication2\ConsoleApplication2\taint.cpp(24,6): warning C4838: 从“int”转换到“DWORD”需要收缩转换
C:\Users\22112\source\repos\ConsoleApplication2\ConsoleApplication2\taint.cpp(24,9): warning C4838: 从“int”转换到“DWORD”需要收缩转换
C:\Users\22112\source\repos\ConsoleApplication2\ConsoleApplication2\taint.cpp(24,12): warning C4838: 从“int”转换到“DWORD”需要收缩转换
C:\Users\22112\source\repos\ConsoleApplication2\ConsoleApplication2\taint.cpp(24,15): warning C4838: 从“int”转换到“DWORD”需要收缩转换
C:\Users\22112\source\repos\ConsoleApplication2\ConsoleApplication2\taint.cpp(25,3): warning C4838: 从“int”转换到“DWORD”需要收缩转换
C:\Users\22112\source\repos\ConsoleApplication2\ConsoleApplication2\taint.cpp(25,6): warning C4838: 从“int”转换到“DWORD”需要收缩转换
C:\Users\22112\source\repos\ConsoleApplication2\ConsoleApplication2\taint.cpp(25,9): warning C4838: 从“int”转换到“DWORD”需要收缩转换
C:\Users\22112\source\repos\ConsoleApplication2\ConsoleApplication2\taint.cpp(25,12): warning C4838: 从“int”转换到“DWORD”需要收缩转换
C:\Users\22112\source\repos\ConsoleApplication2\ConsoleApplication2\taint.cpp(25,15): warning C4838: 从“int”转换到“DWORD”需要收缩转换
C:\Users\22112\source\repos\ConsoleApplication2\ConsoleApplication2\taint.cpp(26,3): warning C4838: 从“int”转换到“DWORD”需要收缩转换
C:\Users\22112\source\repos\ConsoleApplication2\ConsoleApplication2\taint.cpp(26,6): warning C4838: 从“int”转换到“DWORD”需要收缩转换
C:\Users\22112\source\repos\ConsoleApplication2\ConsoleApplication2\taint.cpp(26,9): warning C4838: 从“int”转换到“DWORD”需要收缩转换
C:\Users\22112\source\repos\ConsoleApplication2\ConsoleApplication2\taint.cpp(26,12): warning C4838: 从“int”转换到“DWORD”需要收缩转换
C:\Users\22112\source\repos\ConsoleApplication2\ConsoleApplication2\taint.cpp(26,15): warning C4838: 从“int”转换到“DWORD”需要收缩转换
C:\Users\22112\source\repos\ConsoleApplication2\ConsoleApplication2\taint.cpp(27,3): warning C4838: 从“int”转换到“DWORD”需要收缩转换
C:\Users\22112\source\repos\ConsoleApplication2\ConsoleApplication2\taint.cpp(27,6): warning C4838: 从“int”转换到“DWORD”需要收缩转换
C:\Users\22112\source\repos\ConsoleApplication2\ConsoleApplication2\taint.cpp(27,9): warning C4838: 从“int”转换到“DWORD”需要收缩转换
C:\Users\22112\source\repos\ConsoleApplication2\ConsoleApplication2\taint.cpp(27,12): warning C4838: 从“int”转换到“DWORD”需要收缩转换
C:\Users\22112\source\repos\ConsoleApplication2\ConsoleApplication2\taint.cpp(27,15): warning C4838: 从“int”转换到“DWORD”需要收缩转换
C:\Users\22112\source\repos\ConsoleApplication2\ConsoleApplication2\taint.cpp(38,40): warning C4267: “初始化”: 从“size_t”转换到“int”，可能丢失数据
C:\Users\22112\source\repos\ConsoleApplication2\ConsoleApplication2\taint.cpp(51,12): warning C4477: “printf”: 格式字符串“%p”需要类型“void *”的参数，但可变参数 1 拥有了类型“DWORD”
C:\Users\22112\source\repos\ConsoleApplication2\ConsoleApplication2\taint.cpp(51,12): warning C4313: “printf”: 格式字符串中的“%p”与“DWORD”类型的参数 1 冲突
C:\Users\22112\source\repos\ConsoleApplication2\ConsoleApplication2\taint.cpp(57,11): warning C4477: “printf”: 格式字符串“%p”需要类型“void *”的参数，但可变参数 1 拥有了类型“DWORD”
C:\Users\22112\source\repos\ConsoleApplication2\ConsoleApplication2\taint.cpp(57,11): warning C4313: “printf”: 格式字符串中的“%p”与“DWORD”类型的参数 1 冲突
C:\Users\22112\source\repos\ConsoleApplication2\ConsoleApplication2\taint.cpp(189,3): error C4235: 使用了非标准扩展: 不支持在此结构上使用“__asm”关键字
C:\Users\22112\source\repos\ConsoleApplication2\ConsoleApplication2\taint.cpp(189,13): error C2059: 语法错误:“常数”
C:\Users\22112\source\repos\ConsoleApplication2\ConsoleApplication2\taint.cpp(257,3): error C4235: 使用了非标准扩展: 不支持在此结构上使用“__asm”关键字
C:\Users\22112\source\repos\ConsoleApplication2\ConsoleApplication2\taint.cpp(257,13): error C2059: 语法错误:“常数”
C:\Users\22112\source\repos\ConsoleApplication2\ConsoleApplication2\taint.cpp(287,4): error C4235: 使用了非标准扩展: 不支持在此结构上使用“__asm”关键字
C:\Users\22112\source\repos\ConsoleApplication2\ConsoleApplication2\taint.cpp(287,14): error C2059: 语法错误:“常数”
C:\Users\22112\source\repos\ConsoleApplication2\ConsoleApplication2\taint.cpp(293,4): error C4235: 使用了非标准扩展: 不支持在此结构上使用“__asm”关键字
C:\Users\22112\source\repos\ConsoleApplication2\ConsoleApplication2\taint.cpp(293,14): error C2059: 语法错误:“常数”
C:\Users\22112\source\repos\ConsoleApplication2\ConsoleApplication2\taint.cpp(296,13): warning C4244: “初始化”: 从“int64_t”转换到“DWORD”，可能丢失数据
C:\Users\22112\source\repos\ConsoleApplication2\ConsoleApplication2\taint.cpp(307,5): error C4235: 使用了非标准扩展: 不支持在此结构上使用“__asm”关键字
C:\Users\22112\source\repos\ConsoleApplication2\ConsoleApplication2\taint.cpp(307,15): error C2059: 语法错误:“常数”
C:\Users\22112\source\repos\ConsoleApplication2\ConsoleApplication2\taint.cpp(312,17): error C2065: “addr”: 未声明的标识符
C:\Users\22112\source\repos\ConsoleApplication2\ConsoleApplication2\taint.cpp(316,19): error C2065: “addr”: 未声明的标识符
C:\Users\22112\source\repos\ConsoleApplication2\ConsoleApplication2\taint.cpp(353,5): error C4235: 使用了非标准扩展: 不支持在此结构上使用“__asm”关键字
C:\Users\22112\source\repos\ConsoleApplication2\ConsoleApplication2\taint.cpp(353,15): error C2059: 语法错误:“常数”
C:\Users\22112\source\repos\ConsoleApplication2\ConsoleApplication2\taint.cpp(359,3): error C4235: 使用了非标准扩展: 不支持在此结构上使用“__asm”关键字
C:\Users\22112\source\repos\ConsoleApplication2\ConsoleApplication2\taint.cpp(359,13): error C2059: 语法错误:“常数”
C:\Users\22112\source\repos\ConsoleApplication2\ConsoleApplication2\taint.cpp(401,3): error C4235: 使用了非标准扩展: 不支持在此结构上使用“__asm”关键字
C:\Users\22112\source\repos\ConsoleApplication2\ConsoleApplication2\taint.cpp(401,13): error C2059: 语法错误:“常数”
C:\Users\22112\source\repos\ConsoleApplication2\ConsoleApplication2\taint.cpp(437,3): error C4235: 使用了非标准扩展: 不支持在此结构上使用“__asm”关键字
C:\Users\22112\source\repos\ConsoleApplication2\ConsoleApplication2\taint.cpp(437,13): error C2059: 语法错误:“常数”
C:\Users\22112\source\repos\ConsoleApplication2\ConsoleApplication2\taint.cpp(586,5): error C4235: 使用了非标准扩展: 不支持在此结构上使用“__asm”关键字
C:\Users\22112\source\repos\ConsoleApplication2\ConsoleApplication2\taint.cpp(586,15): error C2059: 语法错误:“常数”
C:\Users\22112\source\repos\ConsoleApplication2\ConsoleApplication2\taint.cpp(593,5): error C4235: 使用了非标准扩展: 不支持在此结构上使用“__asm”关键字
C:\Users\22112\source\repos\ConsoleApplication2\ConsoleApplication2\taint.cpp(593,15): error C2059: 语法错误:“常数”
C:\Users\22112\source\repos\ConsoleApplication2\ConsoleApplication2\taint.cpp(601,3): error C4235: 使用了非标准扩展: 不支持在此结构上使用“__asm”关键字
C:\Users\22112\source\repos\ConsoleApplication2\ConsoleApplication2\taint.cpp(601,13): error C2059: 语法错误:“常数”
C:\Users\22112\source\repos\ConsoleApplication2\ConsoleApplication2\taint.cpp(611,3): error C4235: 使用了非标准扩展: 不支持在此结构上使用“__asm”关键字
C:\Users\22112\source\repos\ConsoleApplication2\ConsoleApplication2\taint.cpp(611,13): error C2059: 语法错误:“常数”
C:\Users\22112\source\repos\ConsoleApplication2\ConsoleApplication2\taint.cpp(651,3): error C4235: 使用了非标准扩展: 不支持在此结构上使用“__asm”关键字
C:\Users\22112\source\repos\ConsoleApplication2\ConsoleApplication2\taint.cpp(651,13): error C2059: 语法错误:“常数”
C:\Users\22112\source\repos\ConsoleApplication2\ConsoleApplication2\taint.cpp(653,3): error C4235: 使用了非标准扩展: 不支持在此结构上使用“__asm”关键字
C:\Users\22112\source\repos\ConsoleApplication2\ConsoleApplication2\taint.cpp(655,3): error C4235: 使用了非标准扩展: 不支持在此结构上使用“__asm”关键字
C:\Users\22112\source\repos\ConsoleApplication2\ConsoleApplication2\taint.cpp(658,7): error C2065: “mem”: 未声明的标识符
C:\Users\22112\source\repos\ConsoleApplication2\ConsoleApplication2\taint.cpp(658,34): error C2065: “mem”: 未声明的标识符
C:\Users\22112\source\repos\ConsoleApplication2\ConsoleApplication2\taint.cpp(658,49): error C2065: “mem”: 未声明的标识符
C:\Users\22112\source\repos\ConsoleApplication2\ConsoleApplication2\taint.cpp(658,77): error C2065: “mem”: 未声明的标识符
C:\Users\22112\source\repos\ConsoleApplication2\ConsoleApplication2\taint.cpp(665,3): error C4235: 使用了非标准扩展: 不支持在此结构上使用“__asm”关键字
C:\Users\22112\source\repos\ConsoleApplication2\ConsoleApplication2\taint.cpp(665,13): error C2059: 语法错误:“常数”
C:\Users\22112\source\repos\ConsoleApplication2\ConsoleApplication2\taint.cpp(668,6): error C2065: “op0state”: 未声明的标识符
C:\Users\22112\source\repos\ConsoleApplication2\ConsoleApplication2\taint.cpp(685,3): error C4235: 使用了非标准扩展: 不支持在此结构上使用“__asm”关键字
C:\Users\22112\source\repos\ConsoleApplication2\ConsoleApplication2\taint.cpp(685,13): error C2059: 语法错误:“常数”
C:\Users\22112\source\repos\ConsoleApplication2\ConsoleApplication2\taint.cpp(690,6): error C2065: “op0state”: 未声明的标识符
C:\Users\22112\source\repos\ConsoleApplication2\ConsoleApplication2\taint.cpp(701,3): error C4235: 使用了非标准扩展: 不支持在此结构上使用“__asm”关键字
C:\Users\22112\source\repos\ConsoleApplication2\ConsoleApplication2\taint.cpp(701,13): error C2059: 语法错误:“常数”
C:\Users\22112\source\repos\ConsoleApplication2\ConsoleApplication2\taint.cpp(703,3): error C4235: 使用了非标准扩展: 不支持在此结构上使用“__asm”关键字
C:\Users\22112\source\repos\ConsoleApplication2\ConsoleApplication2\taint.cpp(867,7): error C4235: 使用了非标准扩展: 不支持在此结构上使用“__asm”关键字
C:\Users\22112\source\repos\ConsoleApplication2\ConsoleApplication2\taint.cpp(867,17): error C2059: 语法错误:“常数”
C:\Users\22112\source\repos\ConsoleApplication2\ConsoleApplication2\taint.cpp(884,5): error C4235: 使用了非标准扩展: 不支持在此结构上使用“__asm”关键字
C:\Users\22112\source\repos\ConsoleApplication2\ConsoleApplication2\taint.cpp(884,15): error C2059: 语法错误:“常数”
C:\Users\22112\source\repos\ConsoleApplication2\ConsoleApplication2\taint.cpp(908,6): error C4235: 使用了非标准扩展: 不支持在此结构上使用“__asm”关键字
C:\Users\22112\source\repos\ConsoleApplication2\ConsoleApplication2\taint.cpp(908,16): error C2059: 语法错误:“常数”
C:\Users\22112\source\repos\ConsoleApplication2\ConsoleApplication2\taint.cpp(912,5): error C4235: 使用了非标准扩展: 不支持在此结构上使用“__asm”关键字
C:\Users\22112\source\repos\ConsoleApplication2\ConsoleApplication2\taint.cpp(912,15): error C2059: 语法错误:“常数”
C:\Users\22112\source\repos\ConsoleApplication2\ConsoleApplication2\taint.cpp(935,9): error C4235: 使用了非标准扩展: 不支持在此结构上使用“__asm”关键字
C:\Users\22112\source\repos\ConsoleApplication2\ConsoleApplication2\taint.cpp(935,19): error C2059: 语法错误:“常数”
C:\Users\22112\source\repos\ConsoleApplication2\ConsoleApplication2\taint.cpp(939,7): error C4235: 使用了非标准扩展: 不支持在此结构上使用“__asm”关键字
C:\Users\22112\source\repos\ConsoleApplication2\ConsoleApplication2\taint.cpp(939,17): error C2059: 语法错误:“常数”
C:\Users\22112\source\repos\ConsoleApplication2\ConsoleApplication2\taint.cpp(943,6): error C4235: 使用了非标准扩展: 不支持在此结构上使用“__asm”关键字
C:\Users\22112\source\repos\ConsoleApplication2\ConsoleApplication2\taint.cpp(943,16): error C2059: 语法错误:“常数”
C:\Users\22112\source\repos\ConsoleApplication2\ConsoleApplication2\taint.cpp(946,6): error C4235: 使用了非标准扩展: 不支持在此结构上使用“__asm”关键字
C:\Users\22112\source\repos\ConsoleApplication2\ConsoleApplication2\taint.cpp(946,16): error C2059: 语法错误:“常数”
C:\Users\22112\source\repos\ConsoleApplication2\ConsoleApplication2\taint.cpp(969,8): error C4235: 使用了非标准扩展: 不支持在此结构上使用“__asm”关键字
C:\Users\22112\source\repos\ConsoleApplication2\ConsoleApplication2\taint.cpp(969,18): error C2059: 语法错误:“常数”
C:\Users\22112\source\repos\ConsoleApplication2\ConsoleApplication2\taint.cpp(978,6): error C4235: 使用了非标准扩展: 不支持在此结构上使用“__asm”关键字
C:\Users\22112\source\repos\ConsoleApplication2\ConsoleApplication2\taint.cpp(978,16): error C2059: 语法错误:“常数”
C:\Users\22112\source\repos\ConsoleApplication2\ConsoleApplication2\taint.cpp(992,8): error C4235: 使用了非标准扩展: 不支持在此结构上使用“__asm”关键字
C:\Users\22112\source\repos\ConsoleApplication2\ConsoleApplication2\taint.cpp(992,18): error C2059: 语法错误:“常数”
C:\Users\22112\source\repos\ConsoleApplication2\ConsoleApplication2\taint.cpp(1019,15): error C4235: 使用了非标准扩展: 不支持在此结构上使用“__asm”关键字
C:\Users\22112\source\repos\ConsoleApplication2\ConsoleApplication2\taint.cpp(1019,25): error C2059: 语法错误:“常数”
C:\Users\22112\source\repos\ConsoleApplication2\ConsoleApplication2\taint.cpp(1023,13): error C4235: 使用了非标准扩展: 不支持在此结构上使用“__asm”关键字
C:\Users\22112\source\repos\ConsoleApplication2\ConsoleApplication2\taint.cpp(1023,23): error C2059: 语法错误:“常数”
C:\Users\22112\source\repos\ConsoleApplication2\ConsoleApplication2\taint.cpp(1034,10): error C4235: 使用了非标准扩展: 不支持在此结构上使用“__asm”关键字
C:\Users\22112\source\repos\ConsoleApplication2\ConsoleApplication2\taint.cpp(1034,20): error C2059: 语法错误:“常数”
C:\Users\22112\source\repos\ConsoleApplication2\ConsoleApplication2\taint.cpp(1078,6): error C4235: 使用了非标准扩展: 不支持在此结构上使用“__asm”关键字
C:\Users\22112\source\repos\ConsoleApplication2\ConsoleApplication2\taint.cpp(1078,16): error C2059: 语法错误:“常数”
C:\Users\22112\source\repos\ConsoleApplication2\ConsoleApplication2\taint.cpp(1084,4): error C4235: 使用了非标准扩展: 不支持在此结构上使用“__asm”关键字
C:\Users\22112\source\repos\ConsoleApplication2\ConsoleApplication2\taint.cpp(1084,14): error C2059: 语法错误:“常数”
C:\Users\22112\source\repos\ConsoleApplication2\ConsoleApplication2\taint.cpp(1145,3): error C4235: 使用了非标准扩展: 不支持在此结构上使用“__asm”关键字
C:\Users\22112\source\repos\ConsoleApplication2\ConsoleApplication2\taint.cpp(1145,13): error C2059: 语法错误:“常数”
C:\Users\22112\source\repos\ConsoleApplication2\ConsoleApplication2\taint.cpp(1154,12): warning C4244: “return”: 从“int64_t”转换到“DWORD”，可能丢失数据
